c:\users\hwawon\nov17\new_project\mrjackinlondon\x64\debug\mrjackinlondon.pch
c:\users\hwawon\nov17\new_project\mrjackinlondon\x64\debug\vc142.pdb
c:\users\hwawon\nov17\new_project\mrjackinlondon\x64\debug\vc142.idb
c:\users\hwawon\nov17\new_project\mrjackinlondon\x64\debug\pch.obj
c:\users\hwawon\nov17\new_project\mrjackinlondon\x64\debug\tile.obj
c:\users\hwawon\nov17\new_project\mrjackinlondon\x64\debug\mrjackinlondoningame.obj
c:\users\hwawon\nov17\new_project\mrjackinlondon\x64\debug\mrjackinlondonhtp.obj
c:\users\hwawon\nov17\new_project\mrjackinlondon\x64\debug\mrjackinlondondlg.obj
c:\users\hwawon\nov17\new_project\mrjackinlondon\x64\debug\mrjackinlondon.obj
c:\users\hwawon\nov17\new_project\x64\debug\mrjackinlondon.ilk
c:\users\hwawon\nov17\new_project\x64\debug\mrjackinlondon.exe
c:\users\hwawon\nov17\new_project\x64\debug\mrjackinlondon.pdb
c:\users\hwawon\nov17\new_project\mrjackinlondon\x64\debug\mrjackinlondon.res
c:\users\hwawon\nov17\new_project\mrjackinlondon\x64\debug\mrjackinlondon.tlog\cl.command.1.tlog
c:\users\hwawon\nov17\new_project\mrjackinlondon\x64\debug\mrjackinlondon.tlog\cl.read.1.tlog
c:\users\hwawon\nov17\new_project\mrjackinlondon\x64\debug\mrjackinlondon.tlog\cl.write.1.tlog
c:\users\hwawon\nov17\new_project\mrjackinlondon\x64\debug\mrjackinlondon.tlog\link.command.1.tlog
c:\users\hwawon\nov17\new_project\mrjackinlondon\x64\debug\mrjackinlondon.tlog\link.read.1.tlog
c:\users\hwawon\nov17\new_project\mrjackinlondon\x64\debug\mrjackinlondon.tlog\link.write.1.tlog
c:\users\hwawon\nov17\new_project\mrjackinlondon\x64\debug\mrjackinlondon.tlog\rc.command.1.tlog
c:\users\hwawon\nov17\new_project\mrjackinlondon\x64\debug\mrjackinlondon.tlog\rc.read.1.tlog
c:\users\hwawon\nov17\new_project\mrjackinlondon\x64\debug\mrjackinlondon.tlog\rc.write.1.tlog
